c:\users\user\desktop\udmp-parser-main\udmp-parser-main\src\build\python\nanobind-static.dir\release\implicit.obj
c:\users\user\desktop\udmp-parser-main\udmp-parser-main\src\build\python\nanobind-static.dir\release\trampoline.obj
c:\users\user\desktop\udmp-parser-main\udmp-parser-main\src\build\python\nanobind-static.dir\release\error.obj
c:\users\user\desktop\udmp-parser-main\udmp-parser-main\src\build\python\nanobind-static.dir\release\common.obj
c:\users\user\desktop\udmp-parser-main\udmp-parser-main\src\build\python\nanobind-static.dir\release\nb_ft.obj
c:\users\user\desktop\udmp-parser-main\udmp-parser-main\src\build\python\nanobind-static.dir\release\nb_static_property.obj
c:\users\user\desktop\udmp-parser-main\udmp-parser-main\src\build\python\nanobind-static.dir\release\nb_ndarray.obj
c:\users\user\desktop\udmp-parser-main\udmp-parser-main\src\build\python\nanobind-static.dir\release\nb_enum.obj
c:\users\user\desktop\udmp-parser-main\udmp-parser-main\src\build\python\nanobind-static.dir\release\nb_type.obj
c:\users\user\desktop\udmp-parser-main\udmp-parser-main\src\build\python\nanobind-static.dir\release\nb_func.obj
c:\users\user\desktop\udmp-parser-main\udmp-parser-main\src\build\python\nanobind-static.dir\release\nb_internals.obj
c:\users\user\desktop\udmp-parser-main\udmp-parser-main\src\build\python\cmakefiles\generate.stamp
c:\users\user\desktop\udmp-parser-main\udmp-parser-main\src\build\python\release\nanobind-static.lib
c:\users\user\desktop\udmp-parser-main\udmp-parser-main\src\build\python\nanobind-static.dir\release\nanobind-static.tlog\cl.command.1.tlog
c:\users\user\desktop\udmp-parser-main\udmp-parser-main\src\build\python\nanobind-static.dir\release\nanobind-static.tlog\cl.items.tlog
c:\users\user\desktop\udmp-parser-main\udmp-parser-main\src\build\python\nanobind-static.dir\release\nanobind-static.tlog\cl.read.1.tlog
c:\users\user\desktop\udmp-parser-main\udmp-parser-main\src\build\python\nanobind-static.dir\release\nanobind-static.tlog\cl.write.1.tlog
c:\users\user\desktop\udmp-parser-main\udmp-parser-main\src\build\python\nanobind-static.dir\release\nanobind-static.tlog\custombuild.command.1.tlog
c:\users\user\desktop\udmp-parser-main\udmp-parser-main\src\build\python\nanobind-static.dir\release\nanobind-static.tlog\custombuild.read.1.tlog
c:\users\user\desktop\udmp-parser-main\udmp-parser-main\src\build\python\nanobind-static.dir\release\nanobind-static.tlog\custombuild.write.1.tlog
c:\users\user\desktop\udmp-parser-main\udmp-parser-main\src\build\python\nanobind-static.dir\release\nanobind-static.tlog\lib-link.read.1.tlog
c:\users\user\desktop\udmp-parser-main\udmp-parser-main\src\build\python\nanobind-static.dir\release\nanobind-static.tlog\lib-link.write.1.tlog
c:\users\user\desktop\udmp-parser-main\udmp-parser-main\src\build\python\nanobind-static.dir\release\nanobind-static.tlog\lib.command.1.tlog
